0 info it worked if it ends with ok
1 verbose cli [ '/home/guilherme/.nvm/versions/node/v5.0.0/bin/node',
1 verbose cli   '/home/guilherme/.nvm/versions/node/v5.0.0/bin/npm',
1 verbose cli   'start' ]
2 info using npm@3.3.6
3 info using node@v5.0.0
4 verbose run-script [ 'prestart', 'start', 'poststart' ]
5 info lifecycle atividadepratica-sambatech@1.0.0~prestart: atividadepratica-sambatech@1.0.0
6 silly lifecycle atividadepratica-sambatech@1.0.0~prestart: no script for prestart, continuing
7 info lifecycle atividadepratica-sambatech@1.0.0~start: atividadepratica-sambatech@1.0.0
8 verbose lifecycle atividadepratica-sambatech@1.0.0~start: unsafe-perm in lifecycle true
9 verbose lifecycle atividadepratica-sambatech@1.0.0~start: PATH: /home/guilherme/.nvm/versions/node/v5.0.0/lib/node_modules/npm/bin/node-gyp-bin:/home/guilherme/Documentos/Guilherme/Desenvolvimento/SambaTech/atividadepratica-sambatech/node_modules/.bin:/home/guilherme/.nvm/versions/node/v5.0.0/bin:/usr/local/heroku/bin:/usr/lib/jvm/jdk8/bin:/usr/local/sbin:/usr/local/bin:/usr/sbin:/usr/bin:/sbin:/bin:/usr/games:/usr/local/games
10 verbose lifecycle atividadepratica-sambatech@1.0.0~start: CWD: /home/guilherme/Documentos/Guilherme/Desenvolvimento/SambaTech/atividadepratica-sambatech
11 silly lifecycle atividadepratica-sambatech@1.0.0~start: Args: [ '-c', 'node index.js' ]
12 silly lifecycle atividadepratica-sambatech@1.0.0~start: Returned: code: 1  signal: null
13 info lifecycle atividadepratica-sambatech@1.0.0~start: Failed to exec start script
14 verbose stack Error: atividadepratica-sambatech@1.0.0 start: `node index.js`
14 verbose stack Exit status 1
14 verbose stack     at EventEmitter.<anonymous> (/home/guilherme/.nvm/versions/node/v5.0.0/lib/node_modules/npm/lib/utils/lifecycle.js:233:16)
14 verbose stack     at emitTwo (events.js:87:13)
14 verbose stack     at EventEmitter.emit (events.js:172:7)
14 verbose stack     at ChildProcess.<anonymous> (/home/guilherme/.nvm/versions/node/v5.0.0/lib/node_modules/npm/lib/utils/spawn.js:24:14)
14 verbose stack     at emitTwo (events.js:87:13)
14 verbose stack     at ChildProcess.emit (events.js:172:7)
14 verbose stack     at maybeClose (internal/child_process.js:818:16)
14 verbose stack     at Process.ChildProcess._handle.onexit (internal/child_process.js:211:5)
15 verbose pkgid atividadepratica-sambatech@1.0.0
16 verbose cwd /home/guilherme/Documentos/Guilherme/Desenvolvimento/SambaTech/atividadepratica-sambatech
17 error Linux 3.13.0-85-generic
18 error argv "/home/guilherme/.nvm/versions/node/v5.0.0/bin/node" "/home/guilherme/.nvm/versions/node/v5.0.0/bin/npm" "start"
19 error node v5.0.0
20 error npm  v3.3.6
21 error code ELIFECYCLE
22 error atividadepratica-sambatech@1.0.0 start: `node index.js`
22 error Exit status 1
23 error Failed at the atividadepratica-sambatech@1.0.0 start script 'node index.js'.
23 error This is most likely a problem with the atividadepratica-sambatech package,
23 error not with npm itself.
23 error Tell the author that this fails on your system:
23 error     node index.js
23 error You can get their info via:
23 error     npm owner ls atividadepratica-sambatech
23 error There is likely additional logging output above.
24 verbose exit [ 1, true ]
